


ARM Macro Assembler    Page 1 


    1 00000000         ;/******************************************************
                       ***********************
    2 00000000         ; * @file:    startup_RDA5981.s
    3 00000000         ; * @purpose: CMSIS Cortex-M4 Core Device Startup File
    4 00000000         ; *           for the RDA RDA5991H Device Series
    5 00000000         ; * @version: V1.0 init version
    6 00000000         ; * @date:    09. January 2016
    7 00000000         ; *------- <<< Use Configuration Wizard in Context Menu 
                       >>> ------------------
    8 00000000         ; *
    9 00000000         ; * Copyright (C) 2009 ARM Limited. All rights reserved.
                       
   10 00000000         ; * ARM Limited (ARM) is supplying this software for use
                        with Cortex-M3
   11 00000000         ; * processor based microcontrollers.  This file can be 
                       freely distributed
   12 00000000         ; * within development tools that are supporting such AR
                       M based processors.
   13 00000000         ; *
   14 00000000         ; * THIS SOFTWARE IS PROVIDED "AS IS".  NO WARRANTIES, W
                       HETHER EXPRESS, IMPLIED
   15 00000000         ; * OR STATUTORY, INCLUDING, BUT NOT LIMITED TO, IMPLIED
                        WARRANTIES OF
   16 00000000         ; * MERCHANTABILITY AND FITNESS FOR A PARTICULAR PURPOSE
                        APPLY TO THIS SOFTWARE.
   17 00000000         ; * ARM SHALL NOT, IN ANY CIRCUMSTANCES, BE LIABLE FOR S
                       PECIAL, INCIDENTAL, OR
   18 00000000         ; * CONSEQUENTIAL DAMAGES, FOR ANY REASON WHATSOEVER.
   19 00000000         ; *
   20 00000000         ; ******************************************************
                       ***********************/
   21 00000000         
   22 00000000         ; <h> Stack Configuration
   23 00000000         ;   <o> Stack Size (in Bytes) <0x0-0xFFFFFFFF:8>
   24 00000000         ; </h>
   25 00000000         
   26 00000000 00004000 
                       Stack_Size
                               EQU              0x0004000
   27 00000000         
   28 00000000                 AREA             STACK, NOINIT, READWRITE, ALIGN
=3
   29 00000000         Stack_Mem
                               SPACE            Stack_Size
   30 00004000         __initial_sp
   31 00004000         
   32 00004000         
   33 00004000         ; <h> Heap Configuration
   34 00004000         ;   <o>  Heap Size (in Bytes) <0x0-0xFFFFFFFF:8>
   35 00004000         ; </h>
   36 00004000         
   37 00004000 00004000 
                       Heap_Size
                               EQU              0x00004000
   38 00004000         
   39 00004000                 AREA             HEAP, NOINIT, READWRITE, ALIGN=
3
   40 00000000         __heap_base
   41 00000000         Heap_Mem



ARM Macro Assembler    Page 2 


                               SPACE            Heap_Size
   42 00004000         __heap_limit
   43 00004000         
   44 00004000                 PRESERVE8
   45 00004000                 THUMB
   46 00004000         
   47 00004000         
   48 00004000         ; Vector Table Mapped to Address 0 at Reset
   49 00004000         
   50 00004000                 AREA             RESET, DATA, READONLY
   51 00000000                 EXPORT           __Vectors
   52 00000000                 EXPORT           __Vectors_End
   53 00000000                 EXPORT           __Vectors_Size
   54 00000000         
   55 00000000         
   56 00000000 00000000 
                       __Vectors
                               DCD              __initial_sp ; Top of Stack
   57 00000004 00000000        DCD              Reset_Handler ; Reset Handler
   58 00000008 00000000        DCD              NMI_Handler ; NMI Handler
   59 0000000C 00000000        DCD              HardFault_Handler ; Hard Fault 
                                                            Handler
   60 00000010 00000000        DCD              MemManage_Handler 
                                                            ; MPU Fault Handler
                                                            
   61 00000014 00000000        DCD              BusFault_Handler 
                                                            ; Bus Fault Handler
                                                            
   62 00000018 00000000        DCD              UsageFault_Handler ; Usage Faul
                                                            t Handler
   63 0000001C 00000000        DCD              0           ; Reserved
   64 00000020 00000000        DCD              0           ; Reserved
   65 00000024 00000000        DCD              0           ; Reserved
   66 00000028 00000000        DCD              0           ; Reserved
   67 0000002C 00000000        DCD              SVC_Handler ; SVCall Handler
   68 00000030 00000000        DCD              DebugMon_Handler ; Debug Monito
                                                            r Handler
   69 00000034 00000000        DCD              0           ; Reserved
   70 00000038 00000000        DCD              PendSV_Handler ; PendSV Handler
                                                            
   71 0000003C 00000000        DCD              SysTick_Handler 
                                                            ; SysTick Handler
   72 00000040         
   73 00000040         ; External Interrupts
   74 00000040 00000000        DCD              SPIFLASH_IRQHandler 
                                                            ; 16: SPI Flash
   75 00000044 00000000        DCD              PTA_IRQHandler ; 17: PTA
   76 00000048 00000000        DCD              SDIO_IRQHandler ; 18: SDIO
   77 0000004C 00000000        DCD              USBDMA_IRQHandler ; 19: USB DMA
                                                            
   78 00000050 00000000        DCD              USB_IRQHandler ; 20: USB
   79 00000054 00000000        DCD              GPIO_IRQHandler ; 21: GPIO
   80 00000058 00000000        DCD              TIMER0_IRQHandler ; 22: Timer0
   81 0000005C 00000000        DCD              UART0_IRQHandler ; 23: UART0
   82 00000060 00000000        DCD              MACHW_IRQHandler 
                                                            ; 24: MAC Hardware
   83 00000064 00000000        DCD              UART1_IRQHandler ; 25: UART1
   84 00000068 00000000        DCD              AHBDMA_IRQHandler ; 26: AHB DMA
                                                            



ARM Macro Assembler    Page 3 


   85 0000006C 00000000        DCD              PSRAM_IRQHandler ; 27: PSRAM
   86 00000070 00000000        DCD              SDMMC_IRQHandler ; 28: SDMMC
   87 00000074 00000000        DCD              EXIF_IRQHandler ; 29: EXIF
   88 00000078 00000000        DCD              I2C_IRQHandler ; 30: I2C
   89 0000007C         __Vectors_End
   90 0000007C         
   91 0000007C 0000007C 
                       __Vectors_Size
                               EQU              __Vectors_End - __Vectors
   92 0000007C         
   93 0000007C         
   94 0000007C                 AREA             |.text|, CODE, READONLY
   95 00000000         
   96 00000000         
   97 00000000         ; Reset Handler
   98 00000000         
   99 00000000         Reset_Handler
                               PROC
  100 00000000                 EXPORT           Reset_Handler             [WEAK
]
  101 00000000                 IMPORT           SystemInit
  102 00000000                 IMPORT           __main
  103 00000000 4808            LDR              R0, =SystemInit
  104 00000002 4780            BLX              R0
  105 00000004 4808            LDR              R0, =__main
  106 00000006 4700            BX               R0
  107 00000008                 ENDP
  108 00000008         
  109 00000008         ; Soft Reset
  110 00000008         
  111 00000008         Soft_Reset
                               PROC
  112 00000008 F04F 0104       MOV              R1, #0x04
  113 0000000C 6808            LDR              R0, [R1]
  114 0000000E 4700            BX               R0
  115 00000010                 ENDP
  116 00000010         
  117 00000010         ; Dummy Exception Handlers (infinite loops which can be 
                       modified)
  118 00000010         
  119 00000010         NMI_Handler
                               PROC
  120 00000010                 EXPORT           NMI_Handler               [WEAK
]
  121 00000010 E7FE            B                .
  122 00000012                 ENDP
  124 00000012         HardFault_Handler
                               PROC
  125 00000012                 EXPORT           HardFault_Handler         [WEAK
]
  126 00000012 E7FE            B                .
  127 00000014                 ENDP
  129 00000014         MemManage_Handler
                               PROC
  130 00000014                 EXPORT           MemManage_Handler         [WEAK
]
  131 00000014 E7FE            B                .
  132 00000016                 ENDP
  134 00000016         BusFault_Handler



ARM Macro Assembler    Page 4 


                               PROC
  135 00000016                 EXPORT           BusFault_Handler          [WEAK
]
  136 00000016 E7FE            B                .
  137 00000018                 ENDP
  139 00000018         UsageFault_Handler
                               PROC
  140 00000018                 EXPORT           UsageFault_Handler        [WEAK
]
  141 00000018 E7FE            B                .
  142 0000001A                 ENDP
  143 0000001A         SVC_Handler
                               PROC
  144 0000001A                 EXPORT           SVC_Handler               [WEAK
]
  145 0000001A E7FE            B                .
  146 0000001C                 ENDP
  148 0000001C         DebugMon_Handler
                               PROC
  149 0000001C                 EXPORT           DebugMon_Handler          [WEAK
]
  150 0000001C E7FE            B                .
  151 0000001E                 ENDP
  152 0000001E         PendSV_Handler
                               PROC
  153 0000001E                 EXPORT           PendSV_Handler            [WEAK
]
  154 0000001E E7FE            B                .
  155 00000020                 ENDP
  156 00000020         SysTick_Handler
                               PROC
  157 00000020                 EXPORT           SysTick_Handler           [WEAK
]
  158 00000020 E7FE            B                .
  159 00000022                 ENDP
  160 00000022         
  161 00000022         Default_Handler
                               PROC
  162 00000022         
  163 00000022                 EXPORT           SPIFLASH_IRQHandler       [WEAK
]
  164 00000022                 EXPORT           PTA_IRQHandler            [WEAK
]
  165 00000022                 EXPORT           SDIO_IRQHandler           [WEAK
]
  166 00000022                 EXPORT           USBDMA_IRQHandler         [WEAK
]
  167 00000022                 EXPORT           USB_IRQHandler            [WEAK
]
  168 00000022                 EXPORT           GPIO_IRQHandler           [WEAK
]
  169 00000022                 EXPORT           TIMER0_IRQHandler         [WEAK
]
  170 00000022                 EXPORT           UART0_IRQHandler          [WEAK
]
  171 00000022                 EXPORT           MACHW_IRQHandler          [WEAK
]
  172 00000022                 EXPORT           UART1_IRQHandler          [WEAK
]



ARM Macro Assembler    Page 5 


  173 00000022                 EXPORT           AHBDMA_IRQHandler         [WEAK
]
  174 00000022                 EXPORT           PSRAM_IRQHandler          [WEAK
]
  175 00000022                 EXPORT           SDMMC_IRQHandler          [WEAK
]
  176 00000022                 EXPORT           EXIF_IRQHandler           [WEAK
]
  177 00000022                 EXPORT           I2C_IRQHandler            [WEAK
]
  178 00000022         
  179 00000022         SPIFLASH_IRQHandler
  180 00000022         PTA_IRQHandler
  181 00000022         SDIO_IRQHandler
  182 00000022         USBDMA_IRQHandler
  183 00000022         USB_IRQHandler
  184 00000022         GPIO_IRQHandler
  185 00000022         TIMER0_IRQHandler
  186 00000022         UART0_IRQHandler
  187 00000022         MACHW_IRQHandler
  188 00000022         UART1_IRQHandler
  189 00000022         AHBDMA_IRQHandler
  190 00000022         PSRAM_IRQHandler
  191 00000022         SDMMC_IRQHandler
  192 00000022         EXIF_IRQHandler
  193 00000022         I2C_IRQHandler
  194 00000022         
  195 00000022 E7FE            B                .
  196 00000024         
  197 00000024                 ENDP
  198 00000024         
  199 00000024                 ALIGN
  200 00000024         
  201 00000024         
  202 00000024         ; User Initial Stack & Heap
  203 00000024         
  204 00000024                 IF               :DEF:__MICROLIB
  205 00000024         
  206 00000024                 EXPORT           __initial_sp
  207 00000024                 EXPORT           __heap_base
  208 00000024                 EXPORT           __heap_limit
  209 00000024         
  210 00000024                 ELSE
  224                          ENDIF
  225 00000024         
  226 00000024         
  227 00000024                 END
              00000000 
              00000000 
Command Line: --debug --xref --diag_suppress=9931 --cpu=Cortex-M4 --apcs=interw
ork --depend=.\build\startup_rda5981.d -o.\build\startup_rda5981.o -I.\RTE\_boo
tloader -IC:\Keil_v5\ARM\PACK\ARM\CMSIS\5.3.0\Device\ARM\ARMCM4\Include -IC:\Ke
il_v5\ARM\CMSIS\Include --predefine="__MICROLIB SETA 1" --predefine="__UVISION_
VERSION SETA 525" --predefine="ARMCM4 SETA 1" --list=.\startup_rda5981.lst hal\
rda\device\TOOLCHAIN_ARM_STD\startup_rda5981.s



ARM Macro Assembler    Page 1 Alphabetic symbol ordering
Relocatable symbols

STACK 00000000

Symbol: STACK
   Definitions
      At line 28 in file hal\rda\device\TOOLCHAIN_ARM_STD\startup_rda5981.s
   Uses
      None
Comment: STACK unused
Stack_Mem 00000000

Symbol: Stack_Mem
   Definitions
      At line 29 in file hal\rda\device\TOOLCHAIN_ARM_STD\startup_rda5981.s
   Uses
      None
Comment: Stack_Mem unused
__initial_sp 00004000

Symbol: __initial_sp
   Definitions
      At line 30 in file hal\rda\device\TOOLCHAIN_ARM_STD\startup_rda5981.s
   Uses
      At line 56 in file hal\rda\device\TOOLCHAIN_ARM_STD\startup_rda5981.s
      At line 206 in file hal\rda\device\TOOLCHAIN_ARM_STD\startup_rda5981.s

3 symbols



ARM Macro Assembler    Page 1 Alphabetic symbol ordering
Relocatable symbols

HEAP 00000000

Symbol: HEAP
   Definitions
      At line 39 in file hal\rda\device\TOOLCHAIN_ARM_STD\startup_rda5981.s
   Uses
      None
Comment: HEAP unused
Heap_Mem 00000000

Symbol: Heap_Mem
   Definitions
      At line 41 in file hal\rda\device\TOOLCHAIN_ARM_STD\startup_rda5981.s
   Uses
      None
Comment: Heap_Mem unused
__heap_base 00000000

Symbol: __heap_base
   Definitions
      At line 40 in file hal\rda\device\TOOLCHAIN_ARM_STD\startup_rda5981.s
   Uses
      At line 207 in file hal\rda\device\TOOLCHAIN_ARM_STD\startup_rda5981.s
Comment: __heap_base used once
__heap_limit 00004000

Symbol: __heap_limit
   Definitions
      At line 42 in file hal\rda\device\TOOLCHAIN_ARM_STD\startup_rda5981.s
   Uses
      At line 208 in file hal\rda\device\TOOLCHAIN_ARM_STD\startup_rda5981.s
Comment: __heap_limit used once
4 symbols



ARM Macro Assembler    Page 1 Alphabetic symbol ordering
Relocatable symbols

RESET 00000000

Symbol: RESET
   Definitions
      At line 50 in file hal\rda\device\TOOLCHAIN_ARM_STD\startup_rda5981.s
   Uses
      None
Comment: RESET unused
__Vectors 00000000

Symbol: __Vectors
   Definitions
      At line 56 in file hal\rda\device\TOOLCHAIN_ARM_STD\startup_rda5981.s
   Uses
      At line 51 in file hal\rda\device\TOOLCHAIN_ARM_STD\startup_rda5981.s
      At line 91 in file hal\rda\device\TOOLCHAIN_ARM_STD\startup_rda5981.s

__Vectors_End 0000007C

Symbol: __Vectors_End
   Definitions
      At line 89 in file hal\rda\device\TOOLCHAIN_ARM_STD\startup_rda5981.s
   Uses
      At line 52 in file hal\rda\device\TOOLCHAIN_ARM_STD\startup_rda5981.s
      At line 91 in file hal\rda\device\TOOLCHAIN_ARM_STD\startup_rda5981.s

3 symbols



ARM Macro Assembler    Page 1 Alphabetic symbol ordering
Relocatable symbols

.text 00000000

Symbol: .text
   Definitions
      At line 94 in file hal\rda\device\TOOLCHAIN_ARM_STD\startup_rda5981.s
   Uses
      None
Comment: .text unused
AHBDMA_IRQHandler 00000022

Symbol: AHBDMA_IRQHandler
   Definitions
      At line 189 in file hal\rda\device\TOOLCHAIN_ARM_STD\startup_rda5981.s
   Uses
      At line 84 in file hal\rda\device\TOOLCHAIN_ARM_STD\startup_rda5981.s
      At line 173 in file hal\rda\device\TOOLCHAIN_ARM_STD\startup_rda5981.s

BusFault_Handler 00000016

Symbol: BusFault_Handler
   Definitions
      At line 134 in file hal\rda\device\TOOLCHAIN_ARM_STD\startup_rda5981.s
   Uses
      At line 61 in file hal\rda\device\TOOLCHAIN_ARM_STD\startup_rda5981.s
      At line 135 in file hal\rda\device\TOOLCHAIN_ARM_STD\startup_rda5981.s

DebugMon_Handler 0000001C

Symbol: DebugMon_Handler
   Definitions
      At line 148 in file hal\rda\device\TOOLCHAIN_ARM_STD\startup_rda5981.s
   Uses
      At line 68 in file hal\rda\device\TOOLCHAIN_ARM_STD\startup_rda5981.s
      At line 149 in file hal\rda\device\TOOLCHAIN_ARM_STD\startup_rda5981.s

Default_Handler 00000022

Symbol: Default_Handler
   Definitions
      At line 161 in file hal\rda\device\TOOLCHAIN_ARM_STD\startup_rda5981.s
   Uses
      None
Comment: Default_Handler unused
EXIF_IRQHandler 00000022

Symbol: EXIF_IRQHandler
   Definitions
      At line 192 in file hal\rda\device\TOOLCHAIN_ARM_STD\startup_rda5981.s
   Uses
      At line 87 in file hal\rda\device\TOOLCHAIN_ARM_STD\startup_rda5981.s
      At line 176 in file hal\rda\device\TOOLCHAIN_ARM_STD\startup_rda5981.s

GPIO_IRQHandler 00000022

Symbol: GPIO_IRQHandler
   Definitions
      At line 184 in file hal\rda\device\TOOLCHAIN_ARM_STD\startup_rda5981.s
   Uses
      At line 79 in file hal\rda\device\TOOLCHAIN_ARM_STD\startup_rda5981.s



ARM Macro Assembler    Page 2 Alphabetic symbol ordering
Relocatable symbols

      At line 168 in file hal\rda\device\TOOLCHAIN_ARM_STD\startup_rda5981.s

HardFault_Handler 00000012

Symbol: HardFault_Handler
   Definitions
      At line 124 in file hal\rda\device\TOOLCHAIN_ARM_STD\startup_rda5981.s
   Uses
      At line 59 in file hal\rda\device\TOOLCHAIN_ARM_STD\startup_rda5981.s
      At line 125 in file hal\rda\device\TOOLCHAIN_ARM_STD\startup_rda5981.s

I2C_IRQHandler 00000022

Symbol: I2C_IRQHandler
   Definitions
      At line 193 in file hal\rda\device\TOOLCHAIN_ARM_STD\startup_rda5981.s
   Uses
      At line 88 in file hal\rda\device\TOOLCHAIN_ARM_STD\startup_rda5981.s
      At line 177 in file hal\rda\device\TOOLCHAIN_ARM_STD\startup_rda5981.s

MACHW_IRQHandler 00000022

Symbol: MACHW_IRQHandler
   Definitions
      At line 187 in file hal\rda\device\TOOLCHAIN_ARM_STD\startup_rda5981.s
   Uses
      At line 82 in file hal\rda\device\TOOLCHAIN_ARM_STD\startup_rda5981.s
      At line 171 in file hal\rda\device\TOOLCHAIN_ARM_STD\startup_rda5981.s

MemManage_Handler 00000014

Symbol: MemManage_Handler
   Definitions
      At line 129 in file hal\rda\device\TOOLCHAIN_ARM_STD\startup_rda5981.s
   Uses
      At line 60 in file hal\rda\device\TOOLCHAIN_ARM_STD\startup_rda5981.s
      At line 130 in file hal\rda\device\TOOLCHAIN_ARM_STD\startup_rda5981.s

NMI_Handler 00000010

Symbol: NMI_Handler
   Definitions
      At line 119 in file hal\rda\device\TOOLCHAIN_ARM_STD\startup_rda5981.s
   Uses
      At line 58 in file hal\rda\device\TOOLCHAIN_ARM_STD\startup_rda5981.s
      At line 120 in file hal\rda\device\TOOLCHAIN_ARM_STD\startup_rda5981.s

PSRAM_IRQHandler 00000022

Symbol: PSRAM_IRQHandler
   Definitions
      At line 190 in file hal\rda\device\TOOLCHAIN_ARM_STD\startup_rda5981.s
   Uses
      At line 85 in file hal\rda\device\TOOLCHAIN_ARM_STD\startup_rda5981.s
      At line 174 in file hal\rda\device\TOOLCHAIN_ARM_STD\startup_rda5981.s

PTA_IRQHandler 00000022

Symbol: PTA_IRQHandler



ARM Macro Assembler    Page 3 Alphabetic symbol ordering
Relocatable symbols

   Definitions
      At line 180 in file hal\rda\device\TOOLCHAIN_ARM_STD\startup_rda5981.s
   Uses
      At line 75 in file hal\rda\device\TOOLCHAIN_ARM_STD\startup_rda5981.s
      At line 164 in file hal\rda\device\TOOLCHAIN_ARM_STD\startup_rda5981.s

PendSV_Handler 0000001E

Symbol: PendSV_Handler
   Definitions
      At line 152 in file hal\rda\device\TOOLCHAIN_ARM_STD\startup_rda5981.s
   Uses
      At line 70 in file hal\rda\device\TOOLCHAIN_ARM_STD\startup_rda5981.s
      At line 153 in file hal\rda\device\TOOLCHAIN_ARM_STD\startup_rda5981.s

Reset_Handler 00000000

Symbol: Reset_Handler
   Definitions
      At line 99 in file hal\rda\device\TOOLCHAIN_ARM_STD\startup_rda5981.s
   Uses
      At line 57 in file hal\rda\device\TOOLCHAIN_ARM_STD\startup_rda5981.s
      At line 100 in file hal\rda\device\TOOLCHAIN_ARM_STD\startup_rda5981.s

SDIO_IRQHandler 00000022

Symbol: SDIO_IRQHandler
   Definitions
      At line 181 in file hal\rda\device\TOOLCHAIN_ARM_STD\startup_rda5981.s
   Uses
      At line 76 in file hal\rda\device\TOOLCHAIN_ARM_STD\startup_rda5981.s
      At line 165 in file hal\rda\device\TOOLCHAIN_ARM_STD\startup_rda5981.s

SDMMC_IRQHandler 00000022

Symbol: SDMMC_IRQHandler
   Definitions
      At line 191 in file hal\rda\device\TOOLCHAIN_ARM_STD\startup_rda5981.s
   Uses
      At line 86 in file hal\rda\device\TOOLCHAIN_ARM_STD\startup_rda5981.s
      At line 175 in file hal\rda\device\TOOLCHAIN_ARM_STD\startup_rda5981.s

SPIFLASH_IRQHandler 00000022

Symbol: SPIFLASH_IRQHandler
   Definitions
      At line 179 in file hal\rda\device\TOOLCHAIN_ARM_STD\startup_rda5981.s
   Uses
      At line 74 in file hal\rda\device\TOOLCHAIN_ARM_STD\startup_rda5981.s
      At line 163 in file hal\rda\device\TOOLCHAIN_ARM_STD\startup_rda5981.s

SVC_Handler 0000001A

Symbol: SVC_Handler
   Definitions
      At line 143 in file hal\rda\device\TOOLCHAIN_ARM_STD\startup_rda5981.s
   Uses
      At line 67 in file hal\rda\device\TOOLCHAIN_ARM_STD\startup_rda5981.s
      At line 144 in file hal\rda\device\TOOLCHAIN_ARM_STD\startup_rda5981.s



ARM Macro Assembler    Page 4 Alphabetic symbol ordering
Relocatable symbols


Soft_Reset 00000008

Symbol: Soft_Reset
   Definitions
      At line 111 in file hal\rda\device\TOOLCHAIN_ARM_STD\startup_rda5981.s
   Uses
      None
Comment: Soft_Reset unused
SysTick_Handler 00000020

Symbol: SysTick_Handler
   Definitions
      At line 156 in file hal\rda\device\TOOLCHAIN_ARM_STD\startup_rda5981.s
   Uses
      At line 71 in file hal\rda\device\TOOLCHAIN_ARM_STD\startup_rda5981.s
      At line 157 in file hal\rda\device\TOOLCHAIN_ARM_STD\startup_rda5981.s

TIMER0_IRQHandler 00000022

Symbol: TIMER0_IRQHandler
   Definitions
      At line 185 in file hal\rda\device\TOOLCHAIN_ARM_STD\startup_rda5981.s
   Uses
      At line 80 in file hal\rda\device\TOOLCHAIN_ARM_STD\startup_rda5981.s
      At line 169 in file hal\rda\device\TOOLCHAIN_ARM_STD\startup_rda5981.s

UART0_IRQHandler 00000022

Symbol: UART0_IRQHandler
   Definitions
      At line 186 in file hal\rda\device\TOOLCHAIN_ARM_STD\startup_rda5981.s
   Uses
      At line 81 in file hal\rda\device\TOOLCHAIN_ARM_STD\startup_rda5981.s
      At line 170 in file hal\rda\device\TOOLCHAIN_ARM_STD\startup_rda5981.s

UART1_IRQHandler 00000022

Symbol: UART1_IRQHandler
   Definitions
      At line 188 in file hal\rda\device\TOOLCHAIN_ARM_STD\startup_rda5981.s
   Uses
      At line 83 in file hal\rda\device\TOOLCHAIN_ARM_STD\startup_rda5981.s
      At line 172 in file hal\rda\device\TOOLCHAIN_ARM_STD\startup_rda5981.s

USBDMA_IRQHandler 00000022

Symbol: USBDMA_IRQHandler
   Definitions
      At line 182 in file hal\rda\device\TOOLCHAIN_ARM_STD\startup_rda5981.s
   Uses
      At line 77 in file hal\rda\device\TOOLCHAIN_ARM_STD\startup_rda5981.s
      At line 166 in file hal\rda\device\TOOLCHAIN_ARM_STD\startup_rda5981.s

USB_IRQHandler 00000022

Symbol: USB_IRQHandler
   Definitions
      At line 183 in file hal\rda\device\TOOLCHAIN_ARM_STD\startup_rda5981.s



ARM Macro Assembler    Page 5 Alphabetic symbol ordering
Relocatable symbols

   Uses
      At line 78 in file hal\rda\device\TOOLCHAIN_ARM_STD\startup_rda5981.s
      At line 167 in file hal\rda\device\TOOLCHAIN_ARM_STD\startup_rda5981.s

UsageFault_Handler 00000018

Symbol: UsageFault_Handler
   Definitions
      At line 139 in file hal\rda\device\TOOLCHAIN_ARM_STD\startup_rda5981.s
   Uses
      At line 62 in file hal\rda\device\TOOLCHAIN_ARM_STD\startup_rda5981.s
      At line 140 in file hal\rda\device\TOOLCHAIN_ARM_STD\startup_rda5981.s

28 symbols



ARM Macro Assembler    Page 1 Alphabetic symbol ordering
Absolute symbols

Heap_Size 00004000

Symbol: Heap_Size
   Definitions
      At line 37 in file hal\rda\device\TOOLCHAIN_ARM_STD\startup_rda5981.s
   Uses
      At line 41 in file hal\rda\device\TOOLCHAIN_ARM_STD\startup_rda5981.s
Comment: Heap_Size used once
Stack_Size 00004000

Symbol: Stack_Size
   Definitions
      At line 26 in file hal\rda\device\TOOLCHAIN_ARM_STD\startup_rda5981.s
   Uses
      At line 29 in file hal\rda\device\TOOLCHAIN_ARM_STD\startup_rda5981.s
Comment: Stack_Size used once
__Vectors_Size 0000007C

Symbol: __Vectors_Size
   Definitions
      At line 91 in file hal\rda\device\TOOLCHAIN_ARM_STD\startup_rda5981.s
   Uses
      At line 53 in file hal\rda\device\TOOLCHAIN_ARM_STD\startup_rda5981.s
Comment: __Vectors_Size used once
3 symbols



ARM Macro Assembler    Page 1 Alphabetic symbol ordering
External symbols

SystemInit 00000000

Symbol: SystemInit
   Definitions
      At line 101 in file hal\rda\device\TOOLCHAIN_ARM_STD\startup_rda5981.s
   Uses
      At line 103 in file hal\rda\device\TOOLCHAIN_ARM_STD\startup_rda5981.s
Comment: SystemInit used once
__main 00000000

Symbol: __main
   Definitions
      At line 102 in file hal\rda\device\TOOLCHAIN_ARM_STD\startup_rda5981.s
   Uses
      At line 105 in file hal\rda\device\TOOLCHAIN_ARM_STD\startup_rda5981.s
Comment: __main used once
2 symbols
378 symbols in table
